4/7/2023 3:55:45 PM : Starting Network Model Serivice...
4/7/2023 3:55:48 PM : The WCF service GenericDataAccess is ready.
4/7/2023 3:55:48 PM : Endpoints:
4/7/2023 3:55:48 PM : net.tcp://localhost:10000/NetworkModelService/GDA/
4/7/2023 3:55:48 PM : Connection string: ../NetworkModelData.data
4/7/2023 3:55:48 PM : Trace level: Info
4/7/2023 3:55:48 PM : The Network Model Service is started.
4/7/2023 3:55:48 PM : Press <Enter> to stop the service.
4/7/2023 3:56:03 PM : Applying  delta to network model.
4/7/2023 3:56:03 PM : Inserting entity with GID (0000000100000001).
4/7/2023 3:56:03 PM : Inserting entity with GID (0000000200000001).
4/7/2023 3:56:03 PM : Inserting entity with GID (0000000200000002).
4/7/2023 3:56:03 PM : Inserting entity with GID (0000000400000001).
4/7/2023 3:56:03 PM : Inserting entity with GID (0000000400000002).
4/7/2023 3:56:03 PM : Inserting entity with GID (0000000400000003).
4/7/2023 3:56:03 PM : Inserting entity with GID (0000000400000004).
4/7/2023 3:56:03 PM : Inserting entity with GID (0000000500000001).
4/7/2023 3:56:03 PM : Inserting entity with GID (0000000500000002).
4/7/2023 3:56:03 PM : Inserting entity with GID (0000000500000003).
4/7/2023 3:56:03 PM : Inserting entity with GID (0000000500000004).
4/7/2023 3:56:03 PM : Inserting entity with GID (0000000500000005).
4/7/2023 3:56:03 PM : Inserting entity with GID (0000000500000006).
4/7/2023 3:56:03 PM : Inserting entity with GID (0000000500000007).
4/7/2023 3:56:03 PM : Inserting entity with GID (0000000500000008).
4/7/2023 3:56:03 PM : Inserting entity with GID (0000000600000001).
4/7/2023 3:56:03 PM : Inserting entity with GID (0000000600000002).
4/7/2023 3:56:03 PM : Inserting entity with GID (0000000600000003).
4/7/2023 3:56:03 PM : Inserting entity with GID (0000000600000004).
4/7/2023 3:56:03 PM : Inserting entity with GID (0000000600000005).
4/7/2023 3:56:03 PM : Inserting entity with GID (0000000600000006).
4/7/2023 3:56:03 PM : Inserting entity with GID (0000000600000007).
4/7/2023 3:56:03 PM : Inserting entity with GID (0000000600000008).
4/7/2023 3:56:03 PM : Inserting entity with GID (0000000600000009).
4/7/2023 3:56:03 PM : Inserting entity with GID (000000060000000a).
4/7/2023 3:56:03 PM : Inserting entity with GID (000000060000000b).
4/7/2023 3:56:03 PM : Inserting entity with GID (000000060000000c).
4/7/2023 3:56:03 PM : Inserting entity with GID (000000060000000d).
4/7/2023 3:56:03 PM : Inserting entity with GID (000000060000000e).
4/7/2023 3:56:03 PM : Inserting entity with GID (000000060000000f).
4/7/2023 3:56:03 PM : Inserting entity with GID (0000000600000010).
4/7/2023 3:56:03 PM : Applying delta to network model successfully finished.
4/7/2023 5:17:30 PM : Starting Network Model Serivice...
4/7/2023 5:17:31 PM : Inserting entity with GID (0000000100000001).
4/7/2023 5:17:31 PM : Inserting entity with GID (0000000200000001).
4/7/2023 5:17:31 PM : Inserting entity with GID (0000000200000002).
4/7/2023 5:17:31 PM : Inserting entity with GID (0000000400000001).
4/7/2023 5:17:31 PM : Inserting entity with GID (0000000400000002).
4/7/2023 5:17:31 PM : Inserting entity with GID (0000000400000003).
4/7/2023 5:17:31 PM : Inserting entity with GID (0000000400000004).
4/7/2023 5:17:31 PM : Inserting entity with GID (0000000500000001).
4/7/2023 5:17:31 PM : Inserting entity with GID (0000000500000002).
4/7/2023 5:17:31 PM : Inserting entity with GID (0000000500000003).
4/7/2023 5:17:31 PM : Inserting entity with GID (0000000500000004).
4/7/2023 5:17:31 PM : Inserting entity with GID (0000000500000005).
4/7/2023 5:17:31 PM : Inserting entity with GID (0000000500000006).
4/7/2023 5:17:31 PM : Inserting entity with GID (0000000500000007).
4/7/2023 5:17:31 PM : Inserting entity with GID (0000000500000008).
4/7/2023 5:17:31 PM : Inserting entity with GID (0000000600000001).
4/7/2023 5:17:31 PM : Inserting entity with GID (0000000600000002).
4/7/2023 5:17:31 PM : Inserting entity with GID (0000000600000003).
4/7/2023 5:17:31 PM : Inserting entity with GID (0000000600000004).
4/7/2023 5:17:31 PM : Inserting entity with GID (0000000600000005).
4/7/2023 5:17:31 PM : Inserting entity with GID (0000000600000006).
4/7/2023 5:17:31 PM : Inserting entity with GID (0000000600000007).
4/7/2023 5:17:31 PM : Inserting entity with GID (0000000600000008).
4/7/2023 5:17:31 PM : Inserting entity with GID (0000000600000009).
4/7/2023 5:17:31 PM : Inserting entity with GID (000000060000000a).
4/7/2023 5:17:31 PM : Inserting entity with GID (000000060000000b).
4/7/2023 5:17:31 PM : Inserting entity with GID (000000060000000c).
4/7/2023 5:17:31 PM : Inserting entity with GID (000000060000000d).
4/7/2023 5:17:31 PM : Inserting entity with GID (000000060000000e).
4/7/2023 5:17:31 PM : Inserting entity with GID (000000060000000f).
4/7/2023 5:17:31 PM : Inserting entity with GID (0000000600000010).
4/7/2023 5:17:33 PM : The WCF service GenericDataAccess is ready.
4/7/2023 5:17:33 PM : Endpoints:
4/7/2023 5:17:33 PM : net.tcp://localhost:10000/NetworkModelService/GDA/
4/7/2023 5:17:33 PM : Connection string: ../NetworkModelData.data
4/7/2023 5:17:33 PM : Trace level: Info
4/7/2023 5:17:33 PM : The Network Model Service is started.
4/7/2023 5:17:33 PM : Press <Enter> to stop the service.
4/7/2023 5:24:36 PM : Starting Network Model Serivice...
4/7/2023 5:24:37 PM : Inserting entity with GID (0000000100000001).
4/7/2023 5:24:37 PM : Inserting entity with GID (0000000200000001).
4/7/2023 5:24:37 PM : Inserting entity with GID (0000000200000002).
4/7/2023 5:24:37 PM : Inserting entity with GID (0000000400000001).
4/7/2023 5:24:37 PM : Inserting entity with GID (0000000400000002).
4/7/2023 5:24:37 PM : Inserting entity with GID (0000000400000003).
4/7/2023 5:24:37 PM : Inserting entity with GID (0000000400000004).
4/7/2023 5:24:37 PM : Inserting entity with GID (0000000500000001).
4/7/2023 5:24:37 PM : Inserting entity with GID (0000000500000002).
4/7/2023 5:24:37 PM : Inserting entity with GID (0000000500000003).
4/7/2023 5:24:37 PM : Inserting entity with GID (0000000500000004).
4/7/2023 5:24:37 PM : Inserting entity with GID (0000000500000005).
4/7/2023 5:24:37 PM : Inserting entity with GID (0000000500000006).
4/7/2023 5:24:37 PM : Inserting entity with GID (0000000500000007).
4/7/2023 5:24:37 PM : Inserting entity with GID (0000000500000008).
4/7/2023 5:24:37 PM : Inserting entity with GID (0000000600000001).
4/7/2023 5:24:37 PM : Inserting entity with GID (0000000600000002).
4/7/2023 5:24:37 PM : Inserting entity with GID (0000000600000003).
4/7/2023 5:24:37 PM : Inserting entity with GID (0000000600000004).
4/7/2023 5:24:37 PM : Inserting entity with GID (0000000600000005).
4/7/2023 5:24:37 PM : Inserting entity with GID (0000000600000006).
4/7/2023 5:24:37 PM : Inserting entity with GID (0000000600000007).
4/7/2023 5:24:37 PM : Inserting entity with GID (0000000600000008).
4/7/2023 5:24:37 PM : Inserting entity with GID (0000000600000009).
4/7/2023 5:24:37 PM : Inserting entity with GID (000000060000000a).
4/7/2023 5:24:37 PM : Inserting entity with GID (000000060000000b).
4/7/2023 5:24:37 PM : Inserting entity with GID (000000060000000c).
4/7/2023 5:24:37 PM : Inserting entity with GID (000000060000000d).
4/7/2023 5:24:37 PM : Inserting entity with GID (000000060000000e).
4/7/2023 5:24:37 PM : Inserting entity with GID (000000060000000f).
4/7/2023 5:24:37 PM : Inserting entity with GID (0000000600000010).
4/7/2023 5:24:48 PM : The WCF service GenericDataAccess is ready.
4/7/2023 5:24:48 PM : Endpoints:
4/7/2023 5:24:48 PM : net.tcp://localhost:10000/NetworkModelService/GDA/
4/7/2023 5:24:48 PM : Connection string: ../NetworkModelData.data
4/7/2023 5:24:48 PM : Trace level: Info
4/7/2023 5:24:48 PM : The Network Model Service is started.
4/7/2023 5:24:48 PM : Press <Enter> to stop the service.
4/8/2023 6:42:06 PM : Starting Network Model Serivice...
4/8/2023 6:42:08 PM : Inserting entity with GID (0000000100000001).
4/8/2023 6:42:08 PM : Inserting entity with GID (0000000200000001).
4/8/2023 6:42:08 PM : Inserting entity with GID (0000000200000002).
4/8/2023 6:42:08 PM : Inserting entity with GID (0000000400000001).
4/8/2023 6:42:08 PM : Inserting entity with GID (0000000400000002).
4/8/2023 6:42:08 PM : Inserting entity with GID (0000000400000003).
4/8/2023 6:42:08 PM : Inserting entity with GID (0000000400000004).
4/8/2023 6:42:08 PM : Inserting entity with GID (0000000500000001).
4/8/2023 6:42:08 PM : Inserting entity with GID (0000000500000002).
4/8/2023 6:42:08 PM : Inserting entity with GID (0000000500000003).
4/8/2023 6:42:08 PM : Inserting entity with GID (0000000500000004).
4/8/2023 6:42:08 PM : Inserting entity with GID (0000000500000005).
4/8/2023 6:42:08 PM : Inserting entity with GID (0000000500000006).
4/8/2023 6:42:08 PM : Inserting entity with GID (0000000500000007).
4/8/2023 6:42:08 PM : Inserting entity with GID (0000000500000008).
4/8/2023 6:42:08 PM : Inserting entity with GID (0000000600000001).
4/8/2023 6:42:08 PM : Inserting entity with GID (0000000600000002).
4/8/2023 6:42:08 PM : Inserting entity with GID (0000000600000003).
4/8/2023 6:42:08 PM : Inserting entity with GID (0000000600000004).
4/8/2023 6:42:08 PM : Inserting entity with GID (0000000600000005).
4/8/2023 6:42:08 PM : Inserting entity with GID (0000000600000006).
4/8/2023 6:42:08 PM : Inserting entity with GID (0000000600000007).
4/8/2023 6:42:08 PM : Inserting entity with GID (0000000600000008).
4/8/2023 6:42:08 PM : Inserting entity with GID (0000000600000009).
4/8/2023 6:42:08 PM : Inserting entity with GID (000000060000000a).
4/8/2023 6:42:08 PM : Inserting entity with GID (000000060000000b).
4/8/2023 6:42:08 PM : Inserting entity with GID (000000060000000c).
4/8/2023 6:42:08 PM : Inserting entity with GID (000000060000000d).
4/8/2023 6:42:08 PM : Inserting entity with GID (000000060000000e).
4/8/2023 6:42:08 PM : Inserting entity with GID (000000060000000f).
4/8/2023 6:42:08 PM : Inserting entity with GID (0000000600000010).
4/8/2023 6:42:11 PM : The WCF service GenericDataAccess is ready.
4/8/2023 6:42:11 PM : Endpoints:
4/8/2023 6:42:11 PM : net.tcp://localhost:10000/NetworkModelService/GDA/
4/8/2023 6:42:11 PM : Connection string: ../NetworkModelData.data
4/8/2023 6:42:11 PM : Trace level: Info
4/8/2023 6:42:11 PM : The Network Model Service is started.
4/8/2023 6:42:11 PM : Press <Enter> to stop the service.
4/8/2023 6:48:46 PM : Starting Network Model Serivice...
4/8/2023 6:48:46 PM : Inserting entity with GID (0000000100000001).
4/8/2023 6:48:46 PM : Inserting entity with GID (0000000200000001).
4/8/2023 6:48:46 PM : Inserting entity with GID (0000000200000002).
4/8/2023 6:48:46 PM : Inserting entity with GID (0000000400000001).
4/8/2023 6:48:46 PM : Inserting entity with GID (0000000400000002).
4/8/2023 6:48:46 PM : Inserting entity with GID (0000000400000003).
4/8/2023 6:48:46 PM : Inserting entity with GID (0000000400000004).
4/8/2023 6:48:46 PM : Inserting entity with GID (0000000500000001).
4/8/2023 6:48:46 PM : Inserting entity with GID (0000000500000002).
4/8/2023 6:48:46 PM : Inserting entity with GID (0000000500000003).
4/8/2023 6:48:46 PM : Inserting entity with GID (0000000500000004).
4/8/2023 6:48:46 PM : Inserting entity with GID (0000000500000005).
4/8/2023 6:48:46 PM : Inserting entity with GID (0000000500000006).
4/8/2023 6:48:46 PM : Inserting entity with GID (0000000500000007).
4/8/2023 6:48:46 PM : Inserting entity with GID (0000000500000008).
4/8/2023 6:48:46 PM : Inserting entity with GID (0000000600000001).
4/8/2023 6:48:46 PM : Inserting entity with GID (0000000600000002).
4/8/2023 6:48:46 PM : Inserting entity with GID (0000000600000003).
4/8/2023 6:48:46 PM : Inserting entity with GID (0000000600000004).
4/8/2023 6:48:46 PM : Inserting entity with GID (0000000600000005).
4/8/2023 6:48:46 PM : Inserting entity with GID (0000000600000006).
4/8/2023 6:48:46 PM : Inserting entity with GID (0000000600000007).
4/8/2023 6:48:46 PM : Inserting entity with GID (0000000600000008).
4/8/2023 6:48:46 PM : Inserting entity with GID (0000000600000009).
4/8/2023 6:48:46 PM : Inserting entity with GID (000000060000000a).
4/8/2023 6:48:46 PM : Inserting entity with GID (000000060000000b).
4/8/2023 6:48:46 PM : Inserting entity with GID (000000060000000c).
4/8/2023 6:48:46 PM : Inserting entity with GID (000000060000000d).
4/8/2023 6:48:46 PM : Inserting entity with GID (000000060000000e).
4/8/2023 6:48:46 PM : Inserting entity with GID (000000060000000f).
4/8/2023 6:48:46 PM : Inserting entity with GID (0000000600000010).
4/8/2023 6:48:49 PM : The WCF service GenericDataAccess is ready.
4/8/2023 6:48:49 PM : Endpoints:
4/8/2023 6:48:49 PM : net.tcp://localhost:10000/NetworkModelService/GDA/
4/8/2023 6:48:49 PM : Connection string: ../NetworkModelData.data
4/8/2023 6:48:49 PM : Trace level: Info
4/8/2023 6:48:49 PM : The Network Model Service is started.
4/8/2023 6:48:49 PM : Press <Enter> to stop the service.
4/8/2023 6:53:55 PM : Starting Network Model Serivice...
4/8/2023 6:53:56 PM : Inserting entity with GID (0000000100000001).
4/8/2023 6:53:56 PM : Inserting entity with GID (0000000200000001).
4/8/2023 6:53:56 PM : Inserting entity with GID (0000000200000002).
4/8/2023 6:53:56 PM : Inserting entity with GID (0000000400000001).
4/8/2023 6:53:56 PM : Inserting entity with GID (0000000400000002).
4/8/2023 6:53:56 PM : Inserting entity with GID (0000000400000003).
4/8/2023 6:53:56 PM : Inserting entity with GID (0000000400000004).
4/8/2023 6:53:56 PM : Inserting entity with GID (0000000500000001).
4/8/2023 6:53:56 PM : Inserting entity with GID (0000000500000002).
4/8/2023 6:53:56 PM : Inserting entity with GID (0000000500000003).
4/8/2023 6:53:56 PM : Inserting entity with GID (0000000500000004).
4/8/2023 6:53:56 PM : Inserting entity with GID (0000000500000005).
4/8/2023 6:53:56 PM : Inserting entity with GID (0000000500000006).
4/8/2023 6:53:56 PM : Inserting entity with GID (0000000500000007).
4/8/2023 6:53:56 PM : Inserting entity with GID (0000000500000008).
4/8/2023 6:53:56 PM : Inserting entity with GID (0000000600000001).
4/8/2023 6:53:56 PM : Inserting entity with GID (0000000600000002).
4/8/2023 6:53:56 PM : Inserting entity with GID (0000000600000003).
4/8/2023 6:53:56 PM : Inserting entity with GID (0000000600000004).
4/8/2023 6:53:56 PM : Inserting entity with GID (0000000600000005).
4/8/2023 6:53:56 PM : Inserting entity with GID (0000000600000006).
4/8/2023 6:53:56 PM : Inserting entity with GID (0000000600000007).
4/8/2023 6:53:56 PM : Inserting entity with GID (0000000600000008).
4/8/2023 6:53:56 PM : Inserting entity with GID (0000000600000009).
4/8/2023 6:53:56 PM : Inserting entity with GID (000000060000000a).
4/8/2023 6:53:56 PM : Inserting entity with GID (000000060000000b).
4/8/2023 6:53:56 PM : Inserting entity with GID (000000060000000c).
4/8/2023 6:53:56 PM : Inserting entity with GID (000000060000000d).
4/8/2023 6:53:56 PM : Inserting entity with GID (000000060000000e).
4/8/2023 6:53:56 PM : Inserting entity with GID (000000060000000f).
4/8/2023 6:53:56 PM : Inserting entity with GID (0000000600000010).
4/8/2023 6:53:58 PM : The WCF service GenericDataAccess is ready.
4/8/2023 6:53:58 PM : Endpoints:
4/8/2023 6:53:58 PM : net.tcp://localhost:10000/NetworkModelService/GDA/
4/8/2023 6:53:58 PM : Connection string: ../NetworkModelData.data
4/8/2023 6:53:58 PM : Trace level: Info
4/8/2023 6:53:58 PM : The Network Model Service is started.
4/8/2023 6:53:58 PM : Press <Enter> to stop the service.
4/11/2023 9:16:56 AM : Starting Network Model Serivice...
4/11/2023 9:16:56 AM : Inserting entity with GID (0000000100000001).
4/11/2023 9:16:56 AM : Inserting entity with GID (0000000200000001).
4/11/2023 9:16:56 AM : Inserting entity with GID (0000000200000002).
4/11/2023 9:16:56 AM : Inserting entity with GID (0000000400000001).
4/11/2023 9:16:56 AM : Inserting entity with GID (0000000400000002).
4/11/2023 9:16:56 AM : Inserting entity with GID (0000000400000003).
4/11/2023 9:16:56 AM : Inserting entity with GID (0000000400000004).
4/11/2023 9:16:56 AM : Inserting entity with GID (0000000500000001).
4/11/2023 9:16:56 AM : Inserting entity with GID (0000000500000002).
4/11/2023 9:16:56 AM : Inserting entity with GID (0000000500000003).
4/11/2023 9:16:56 AM : Inserting entity with GID (0000000500000004).
4/11/2023 9:16:56 AM : Inserting entity with GID (0000000500000005).
4/11/2023 9:16:56 AM : Inserting entity with GID (0000000500000006).
4/11/2023 9:16:56 AM : Inserting entity with GID (0000000500000007).
4/11/2023 9:16:56 AM : Inserting entity with GID (0000000500000008).
4/11/2023 9:16:56 AM : Inserting entity with GID (0000000600000001).
4/11/2023 9:16:56 AM : Inserting entity with GID (0000000600000002).
4/11/2023 9:16:56 AM : Inserting entity with GID (0000000600000003).
4/11/2023 9:16:56 AM : Inserting entity with GID (0000000600000004).
4/11/2023 9:16:56 AM : Inserting entity with GID (0000000600000005).
4/11/2023 9:16:56 AM : Inserting entity with GID (0000000600000006).
4/11/2023 9:16:56 AM : Inserting entity with GID (0000000600000007).
4/11/2023 9:16:56 AM : Inserting entity with GID (0000000600000008).
4/11/2023 9:16:56 AM : Inserting entity with GID (0000000600000009).
4/11/2023 9:16:56 AM : Inserting entity with GID (000000060000000a).
4/11/2023 9:16:56 AM : Inserting entity with GID (000000060000000b).
4/11/2023 9:16:56 AM : Inserting entity with GID (000000060000000c).
4/11/2023 9:16:56 AM : Inserting entity with GID (000000060000000d).
4/11/2023 9:16:56 AM : Inserting entity with GID (000000060000000e).
4/11/2023 9:16:56 AM : Inserting entity with GID (000000060000000f).
4/11/2023 9:16:56 AM : Inserting entity with GID (0000000600000010).
4/11/2023 9:16:57 AM : The WCF service GenericDataAccess is ready.
4/11/2023 9:16:57 AM : Endpoints:
4/11/2023 9:16:57 AM : net.tcp://localhost:10000/NetworkModelService/GDA/
4/11/2023 9:16:57 AM : Connection string: ../NetworkModelData.data
4/11/2023 9:16:57 AM : Trace level: Info
4/11/2023 9:16:57 AM : The Network Model Service is started.
4/11/2023 9:16:57 AM : Press <Enter> to stop the service.
4/11/2023 9:17:52 AM : Failed to get related values for source GID = 0x0000000500000002. Entity with GID = 0x0000000500000002 does not contain prperty with Id = PERIOD_MARKETDOCUMENT..
4/11/2023 9:17:52 AM : Getting related values for resource with ID = 0x0000000500000002 failed. Failed to get related values for source GID = 0x0000000500000002. Entity with GID = 0x0000000500000002 does not contain prperty with Id = PERIOD_MARKETDOCUMENT..
4/11/2023 9:18:05 AM : Starting Network Model Serivice...
4/11/2023 9:18:05 AM : Inserting entity with GID (0000000100000001).
4/11/2023 9:18:05 AM : Inserting entity with GID (0000000200000001).
4/11/2023 9:18:05 AM : Inserting entity with GID (0000000200000002).
4/11/2023 9:18:05 AM : Inserting entity with GID (0000000400000001).
4/11/2023 9:18:06 AM : Inserting entity with GID (0000000400000002).
4/11/2023 9:18:06 AM : Inserting entity with GID (0000000400000003).
4/11/2023 9:18:06 AM : Inserting entity with GID (0000000400000004).
4/11/2023 9:18:06 AM : Inserting entity with GID (0000000500000001).
4/11/2023 9:18:06 AM : Inserting entity with GID (0000000500000002).
4/11/2023 9:18:06 AM : Inserting entity with GID (0000000500000003).
4/11/2023 9:18:06 AM : Inserting entity with GID (0000000500000004).
4/11/2023 9:18:06 AM : Inserting entity with GID (0000000500000005).
4/11/2023 9:18:06 AM : Inserting entity with GID (0000000500000006).
4/11/2023 9:18:06 AM : Inserting entity with GID (0000000500000007).
4/11/2023 9:18:06 AM : Inserting entity with GID (0000000500000008).
4/11/2023 9:18:06 AM : Inserting entity with GID (0000000600000001).
4/11/2023 9:18:06 AM : Inserting entity with GID (0000000600000002).
4/11/2023 9:18:06 AM : Inserting entity with GID (0000000600000003).
4/11/2023 9:18:06 AM : Inserting entity with GID (0000000600000004).
4/11/2023 9:18:06 AM : Inserting entity with GID (0000000600000005).
4/11/2023 9:18:06 AM : Inserting entity with GID (0000000600000006).
4/11/2023 9:18:06 AM : Inserting entity with GID (0000000600000007).
4/11/2023 9:18:06 AM : Inserting entity with GID (0000000600000008).
4/11/2023 9:18:06 AM : Inserting entity with GID (0000000600000009).
4/11/2023 9:18:06 AM : Inserting entity with GID (000000060000000a).
4/11/2023 9:18:06 AM : Inserting entity with GID (000000060000000b).
4/11/2023 9:18:06 AM : Inserting entity with GID (000000060000000c).
4/11/2023 9:18:06 AM : Inserting entity with GID (000000060000000d).
4/11/2023 9:18:06 AM : Inserting entity with GID (000000060000000e).
4/11/2023 9:18:06 AM : Inserting entity with GID (000000060000000f).
4/11/2023 9:18:06 AM : Inserting entity with GID (0000000600000010).
4/11/2023 9:18:06 AM : The WCF service GenericDataAccess is ready.
4/11/2023 9:18:06 AM : Endpoints:
4/11/2023 9:18:06 AM : net.tcp://localhost:10000/NetworkModelService/GDA/
4/11/2023 9:18:06 AM : Connection string: ../NetworkModelData.data
4/11/2023 9:18:06 AM : Trace level: Info
4/11/2023 9:18:06 AM : The Network Model Service is started.
4/11/2023 9:18:06 AM : Press <Enter> to stop the service.
4/11/2023 11:10:44 AM : Starting Network Model Serivice...
4/11/2023 11:10:45 AM : Inserting entity with GID (0000000100000001).
4/11/2023 11:10:45 AM : Inserting entity with GID (0000000200000001).
4/11/2023 11:10:45 AM : Inserting entity with GID (0000000200000002).
4/11/2023 11:10:46 AM : Inserting entity with GID (0000000400000001).
4/11/2023 11:10:46 AM : Inserting entity with GID (0000000400000002).
4/11/2023 11:10:46 AM : Inserting entity with GID (0000000400000003).
4/11/2023 11:10:46 AM : Inserting entity with GID (0000000400000004).
4/11/2023 11:10:46 AM : Inserting entity with GID (0000000500000001).
4/11/2023 11:10:46 AM : Inserting entity with GID (0000000500000002).
4/11/2023 11:10:46 AM : Inserting entity with GID (0000000500000003).
4/11/2023 11:10:46 AM : Inserting entity with GID (0000000500000004).
4/11/2023 11:10:46 AM : Inserting entity with GID (0000000500000005).
4/11/2023 11:10:46 AM : Inserting entity with GID (0000000500000006).
4/11/2023 11:10:46 AM : Inserting entity with GID (0000000500000007).
4/11/2023 11:10:46 AM : Inserting entity with GID (0000000500000008).
4/11/2023 11:10:46 AM : Inserting entity with GID (0000000600000001).
4/11/2023 11:10:46 AM : Inserting entity with GID (0000000600000002).
4/11/2023 11:10:46 AM : Inserting entity with GID (0000000600000003).
4/11/2023 11:10:46 AM : Inserting entity with GID (0000000600000004).
4/11/2023 11:10:46 AM : Inserting entity with GID (0000000600000005).
4/11/2023 11:10:46 AM : Inserting entity with GID (0000000600000006).
4/11/2023 11:10:46 AM : Inserting entity with GID (0000000600000007).
4/11/2023 11:10:46 AM : Inserting entity with GID (0000000600000008).
4/11/2023 11:10:46 AM : Inserting entity with GID (0000000600000009).
4/11/2023 11:10:46 AM : Inserting entity with GID (000000060000000a).
4/11/2023 11:10:46 AM : Inserting entity with GID (000000060000000b).
4/11/2023 11:10:46 AM : Inserting entity with GID (000000060000000c).
4/11/2023 11:10:46 AM : Inserting entity with GID (000000060000000d).
4/11/2023 11:10:46 AM : Inserting entity with GID (000000060000000e).
4/11/2023 11:10:46 AM : Inserting entity with GID (000000060000000f).
4/11/2023 11:10:46 AM : Inserting entity with GID (0000000600000010).
4/11/2023 11:10:48 AM : The WCF service GenericDataAccess is ready.
4/11/2023 11:10:48 AM : Endpoints:
4/11/2023 11:10:48 AM : net.tcp://localhost:10000/NetworkModelService/GDA/
4/11/2023 11:10:48 AM : Connection string: ../NetworkModelData.data
4/11/2023 11:10:48 AM : Trace level: Info
4/11/2023 11:10:48 AM : The Network Model Service is started.
4/11/2023 11:10:48 AM : Press <Enter> to stop the service.
